<?xml version="1.0" encoding="UTF-8"?>
<testsuite name="com.dockerkubernetes.sample.DockerKubernetesSampleApplicationTests" tests="1" skipped="0" failures="0" errors="0" timestamp="2019-06-18T05:50:39" hostname="PTPC254" time="0.496">
  <properties/>
  <testcase name="contextLoads" classname="com.dockerkubernetes.sample.DockerKubernetesSampleApplicationTests" time="0.496"/>
  <system-out><![CDATA[11:20:35.304 [Test worker] DEBUG org.springframework.test.context.junit4.SpringJUnit4ClassRunner - SpringJUnit4ClassRunner constructor called with [class com.dockerkubernetes.sample.DockerKubernetesSampleApplicationTests]
11:20:35.316 [Test worker] DEBUG org.springframework.test.context.BootstrapUtils - Instantiating CacheAwareContextLoaderDelegate from class [org.springframework.test.context.cache.DefaultCacheAwareContextLoaderDelegate]
11:20:35.331 [Test worker] DEBUG org.springframework.test.context.BootstrapUtils - Instantiating BootstrapContext using constructor [public org.springframework.test.context.support.DefaultBootstrapContext(java.lang.Class,org.springframework.test.context.CacheAwareContextLoaderDelegate)]
11:20:35.362 [Test worker] DEBUG org.springframework.test.context.BootstrapUtils - Instantiating TestContextBootstrapper for test class [com.dockerkubernetes.sample.DockerKubernetesSampleApplicationTests] from class [org.springframework.boot.test.context.SpringBootTestContextBootstrapper]
11:20:35.428 [Test worker] INFO org.springframework.boot.test.context.SpringBootTestContextBootstrapper - Neither @ContextConfiguration nor @ContextHierarchy found for test class [com.dockerkubernetes.sample.DockerKubernetesSampleApplicationTests], using SpringBootContextLoader
11:20:35.432 [Test worker] DEBUG org.springframework.test.context.support.AbstractContextLoader - Did not detect default resource location for test class [com.dockerkubernetes.sample.DockerKubernetesSampleApplicationTests]: class path resource [com/dockerkubernetes/sample/DockerKubernetesSampleApplicationTests-context.xml] does not exist
11:20:35.433 [Test worker] DEBUG org.springframework.test.context.support.AbstractContextLoader - Did not detect default resource location for test class [com.dockerkubernetes.sample.DockerKubernetesSampleApplicationTests]: class path resource [com/dockerkubernetes/sample/DockerKubernetesSampleApplicationTestsContext.groovy] does not exist
11:20:35.433 [Test worker] INFO org.springframework.test.context.support.AbstractContextLoader - Could not detect default resource locations for test class [com.dockerkubernetes.sample.DockerKubernetesSampleApplicationTests]: no resource found for suffixes {-context.xml, Context.groovy}.
11:20:35.434 [Test worker] INFO org.springframework.test.context.support.AnnotationConfigContextLoaderUtils - Could not detect default configuration classes for test class [com.dockerkubernetes.sample.DockerKubernetesSampleApplicationTests]: DockerKubernetesSampleApplicationTests does not declare any static, non-private, non-final, nested classes annotated with @Configuration.
11:20:35.519 [Test worker] DEBUG org.springframework.test.context.support.ActiveProfilesUtils - Could not find an 'annotation declaring class' for annotation type [org.springframework.test.context.ActiveProfiles] and class [com.dockerkubernetes.sample.DockerKubernetesSampleApplicationTests]
11:20:35.605 [Test worker] DEBUG org.springframework.context.annotation.ClassPathScanningCandidateComponentProvider - Identified candidate component class: file [/home/lahari/Documents/workspace-spring-tool-suite-4-4.2.2.RELEASE/docker-kubernetes-sample/build/classes/java/main/com/dockerkubernetes/sample/DockerKubernetesSampleApplication.class]
11:20:35.606 [Test worker] INFO org.springframework.boot.test.context.SpringBootTestContextBootstrapper - Found @SpringBootConfiguration com.dockerkubernetes.sample.DockerKubernetesSampleApplication for test class com.dockerkubernetes.sample.DockerKubernetesSampleApplicationTests
11:20:35.739 [Test worker] DEBUG org.springframework.boot.test.context.SpringBootTestContextBootstrapper - @TestExecutionListeners is not present for class [com.dockerkubernetes.sample.DockerKubernetesSampleApplicationTests]: using defaults.
11:20:35.740 [Test worker] INFO org.springframework.boot.test.context.SpringBootTestContextBootstrapper - Loaded default TestExecutionListener class names from location [META-INF/spring.factories]: [org.springframework.boot.test.autoconfigure.restdocs.RestDocsTestExecutionListener, org.springframework.boot.test.autoconfigure.web.client.MockRestServiceServerResetTestExecutionListener, org.springframework.boot.test.autoconfigure.web.servlet.MockMvcPrintOnlyOnFailureTestExecutionListener, org.springframework.boot.test.autoconfigure.web.servlet.WebDriverTestExecutionListener, org.springframework.boot.test.mock.mockito.MockitoTestExecutionListener, org.springframework.boot.test.mock.mockito.ResetMocksTestExecutionListener, org.springframework.test.context.web.ServletTestExecutionListener, org.springframework.test.context.support.DirtiesContextBeforeModesTestExecutionListener, org.springframework.test.context.support.DependencyInjectionTestExecutionListener, org.springframework.test.context.support.DirtiesContextTestExecutionListener, org.springframework.test.context.transaction.TransactionalTestExecutionListener, org.springframework.test.context.jdbc.SqlScriptsTestExecutionListener]
11:20:35.754 [Test worker] DEBUG org.springframework.boot.test.context.SpringBootTestContextBootstrapper - Skipping candidate TestExecutionListener [org.springframework.test.context.transaction.TransactionalTestExecutionListener] due to a missing dependency. Specify custom listener classes or make the default listener classes and their required dependencies available. Offending class: [org/springframework/transaction/TransactionDefinition]
11:20:35.754 [Test worker] DEBUG org.springframework.boot.test.context.SpringBootTestContextBootstrapper - Skipping candidate TestExecutionListener [org.springframework.test.context.jdbc.SqlScriptsTestExecutionListener] due to a missing dependency. Specify custom listener classes or make the default listener classes and their required dependencies available. Offending class: [org/springframework/transaction/interceptor/TransactionAttribute]
11:20:35.755 [Test worker] INFO org.springframework.boot.test.context.SpringBootTestContextBootstrapper - Using TestExecutionListeners: [org.springframework.test.context.web.ServletTestExecutionListener@1bfdad3e, org.springframework.test.context.support.DirtiesContextBeforeModesTestExecutionListener@3f7355bb, org.springframework.boot.test.mock.mockito.MockitoTestExecutionListener@3e83ea87, org.springframework.boot.test.autoconfigure.SpringBootDependencyInjectionTestExecutionListener@4a3a9fd7, org.springframework.test.context.support.DirtiesContextTestExecutionListener@3c585ff3, org.springframework.boot.test.autoconfigure.restdocs.RestDocsTestExecutionListener@19231b4e, org.springframework.boot.test.autoconfigure.web.client.MockRestServiceServerResetTestExecutionListener@38551d3f, org.springframework.boot.test.autoconfigure.web.servlet.MockMvcPrintOnlyOnFailureTestExecutionListener@260fe9c5, org.springframework.boot.test.autoconfigure.web.servlet.WebDriverTestExecutionListener@58d68d30, org.springframework.boot.test.mock.mockito.ResetMocksTestExecutionListener@592e140f]
11:20:35.758 [Test worker] DEBUG org.springframework.test.annotation.ProfileValueUtils - Retrieved @ProfileValueSourceConfiguration [null] for test class [com.dockerkubernetes.sample.DockerKubernetesSampleApplicationTests]
11:20:35.758 [Test worker] DEBUG org.springframework.test.annotation.ProfileValueUtils - Retrieved ProfileValueSource type [class org.springframework.test.annotation.SystemProfileValueSource] for class [com.dockerkubernetes.sample.DockerKubernetesSampleApplicationTests]
11:20:35.759 [Test worker] DEBUG org.springframework.test.annotation.ProfileValueUtils - Retrieved @ProfileValueSourceConfiguration [null] for test class [com.dockerkubernetes.sample.DockerKubernetesSampleApplicationTests]
11:20:35.759 [Test worker] DEBUG org.springframework.test.annotation.ProfileValueUtils - Retrieved ProfileValueSource type [class org.springframework.test.annotation.SystemProfileValueSource] for class [com.dockerkubernetes.sample.DockerKubernetesSampleApplicationTests]
11:20:35.765 [Test worker] DEBUG org.springframework.test.context.support.AbstractDirtiesContextTestExecutionListener - Before test class: context [DefaultTestContext@448850de testClass = DockerKubernetesSampleApplicationTests, testInstance = [null], testMethod = [null], testException = [null], mergedContextConfiguration = [WebMergedContextConfiguration@4a0e74f3 testClass = DockerKubernetesSampleApplicationTests, locations = '{}', classes = '{class com.dockerkubernetes.sample.DockerKubernetesSampleApplication}', contextInitializerClasses = '[]', activeProfiles = '{}', propertySourceLocations = '{}', propertySourceProperties = '{org.springframework.boot.test.context.SpringBootTestContextBootstrapper=true}', contextCustomizers = set[org.springframework.boot.test.autoconfigure.properties.PropertyMappingContextCustomizer@0, org.springframework.boot.test.autoconfigure.web.servlet.WebDriverContextCustomizerFactory$Customizer@172ff300, org.springframework.boot.test.context.filter.ExcludeFilterContextCustomizer@abae967, org.springframework.boot.test.json.DuplicateJsonObjectContextCustomizerFactory$DuplicateJsonObjectContextCustomizer@67d398f4, org.springframework.boot.test.mock.mockito.MockitoContextCustomizer@0, org.springframework.boot.test.web.client.TestRestTemplateContextCustomizer@7389779e], resourceBasePath = 'src/main/webapp', contextLoader = 'org.springframework.boot.test.context.SpringBootContextLoader', parent = [null]], attributes = map['org.springframework.test.context.web.ServletTestExecutionListener.activateListener' -> true]], class annotated with @DirtiesContext [false] with mode [null].
11:20:35.766 [Test worker] DEBUG org.springframework.test.annotation.ProfileValueUtils - Retrieved @ProfileValueSourceConfiguration [null] for test class [com.dockerkubernetes.sample.DockerKubernetesSampleApplicationTests]
11:20:35.766 [Test worker] DEBUG org.springframework.test.annotation.ProfileValueUtils - Retrieved ProfileValueSource type [class org.springframework.test.annotation.SystemProfileValueSource] for class [com.dockerkubernetes.sample.DockerKubernetesSampleApplicationTests]
11:20:35.793 [Test worker] DEBUG org.springframework.test.context.support.TestPropertySourceUtils - Adding inlined properties to environment: {spring.jmx.enabled=false, org.springframework.boot.test.context.SpringBootTestContextBootstrapper=true, server.port=-1}

  .   ____          _            __ _ _
 /\\ / ___'_ __ _ _(_)_ __  __ _ \ \ \ \
( ( )\___ | '_ | '_| | '_ \/ _` | \ \ \ \
 \\/  ___)| |_)| | | | | || (_| |  ) ) ) )
  '  |____| .__|_| |_|_| |_\__, | / / / /
 =========|_|==============|___/=/_/_/_/
 :: Spring Boot ::        (v2.1.5.RELEASE)

2019-06-18 11:20:36.100  INFO 1319 --- [    Test worker] s.DockerKubernetesSampleApplicationTests : Starting DockerKubernetesSampleApplicationTests on PTPC254 with PID 1319 (started by lahari in /home/lahari/Documents/workspace-spring-tool-suite-4-4.2.2.RELEASE/docker-kubernetes-sample)
2019-06-18 11:20:36.102  INFO 1319 --- [    Test worker] s.DockerKubernetesSampleApplicationTests : No active profile set, falling back to default profiles: default
2019-06-18 11:20:37.959  INFO 1319 --- [    Test worker] trationDelegate$BeanPostProcessorChecker : Bean 'org.springframework.ws.config.annotation.DelegatingWsConfiguration' of type [org.springframework.ws.config.annotation.DelegatingWsConfiguration$$EnhancerBySpringCGLIB$$fbb1169] is not eligible for getting processed by all BeanPostProcessors (for example: not eligible for auto-proxying)
2019-06-18 11:20:38.129  INFO 1319 --- [    Test worker] .w.s.a.s.AnnotationActionEndpointMapping : Supporting [WS-Addressing August 2004, WS-Addressing 1.0]
2019-06-18 11:20:39.003  INFO 1319 --- [    Test worker] o.s.s.concurrent.ThreadPoolTaskExecutor  : Initializing ExecutorService 'applicationTaskExecutor'
2019-06-18 11:20:39.524  INFO 1319 --- [    Test worker] s.DockerKubernetesSampleApplicationTests : Started DockerKubernetesSampleApplicationTests in 3.719 seconds (JVM running for 5.115)
]]></system-out>
  <system-err><![CDATA[]]></system-err>
</testsuite>
